<?xml version="1.0" encoding="UTF-8"?>
<testng-results ignored="0" total="1" passed="1" failed="0" skipped="0">
  <reporter-output>
  </reporter-output>
  <suite started-at="2022-06-24T11:31:42 IST" name="Default suite" finished-at="2022-06-24T11:31:49 IST" duration-ms="7021">
    <groups>
    </groups>
    <test started-at="2022-06-24T11:31:42 IST" name="Default test" finished-at="2022-06-24T11:31:49 IST" duration-ms="7021">
      <class name="com.practice.AssignmentNo6">
        <test-method signature="assign6()[pri:0, instance:com.practice.AssignmentNo6@48075da3]" started-at="2022-06-24T11:31:42 IST" name="assign6" finished-at="2022-06-24T11:31:49 IST" duration-ms="6953" status="PASS">
          <reporter-output>
          </reporter-output>
        </test-method> <!-- assign6 -->
      </class> <!-- com.practice.AssignmentNo6 -->
    </test> <!-- Default test -->
  </suite> <!-- Default suite -->
</testng-results>
